<?xml version="1.0" encoding="UTF-8"?>
<!-- Generated by org.testng.reporters.JUnitXMLReporter -->
<testsuite ignored="0" hostname="DESKTOP-S6USBN9" failures="0" tests="5" name="Default test" time="97.66" errors="0" timestamp="2025-03-20T17:49:36 IST">
  <testcase classname="mytest2.AutomationScriptSauceDemo" name="testLogin" time="11.477"/>
  <testcase classname="mytest2.AutomationScriptSauceDemo" name="testSortProducts" time="6.283"/>
  <testcase classname="mytest2.AutomationScriptSauceDemo" name="testAddToCart" time="37.247"/>
  <testcase classname="mytest2.AutomationScriptSauceDemo" name="testCheckout" time="31.593"/>
  <testcase classname="mytest2.AutomationScriptSauceDemo" name="testLogout" time="6.489"/>
</testsuite> <!-- Default test -->
