<?xml version="1.0" encoding="UTF-8"?>
<!-- Generated by org.testng.reporters.JUnitXMLReporter -->
<testsuite ignored="0" hostname="DESKTOP-S6USBN9" failures="0" tests="4" name="Default test" time="57.271" errors="0" timestamp="2025-03-22T03:08:30 IST">
  <testcase classname="mytest.AutomationScriptOrangeHRM" name="verifyLogin" time="5.048"/>
  <testcase classname="mytest.AutomationScriptOrangeHRM" name="addEmployee" time="15.511"/>
  <testcase classname="mytest.AutomationScriptOrangeHRM" name="searchEmployee" time="18.94"/>
  <testcase classname="mytest.AutomationScriptOrangeHRM" name="logout" time="7.095"/>
</testsuite> <!-- Default test -->
