<?xml version="1.0" encoding="UTF-8"?>
<!-- Generated by org.testng.reporters.JUnitXMLReporter -->
<testsuite ignored="0" hostname="DESKTOP-S6USBN9" failures="0" tests="5" name="Test" time="117.766" errors="0" timestamp="2024-11-22T15:17:46 IST">
  <testcase classname="mytest2.AutomationScriptSauceDemo" name="testLogin" time="17.967"/>
  <testcase classname="mytest2.AutomationScriptSauceDemo" name="testSortProducts" time="6.406"/>
  <testcase classname="mytest2.AutomationScriptSauceDemo" name="testAddToCart" time="37.274"/>
  <testcase classname="mytest2.AutomationScriptSauceDemo" name="testCheckout" time="31.131"/>
  <testcase classname="mytest2.AutomationScriptSauceDemo" name="testLogout" time="6.413"/>
</testsuite> <!-- Test -->
