<?xml version="1.0" encoding="UTF-8"?>
<testng-results ignored="0" total="4" passed="4" failed="0" skipped="0">
  <reporter-output>
  </reporter-output>
  <suite started-at="2025-03-22T03:07:33 IST" name="Default suite" finished-at="2025-03-22T03:08:30 IST" duration-ms="57271">
    <groups>
    </groups>
    <test started-at="2025-03-22T03:07:33 IST" name="Default test" finished-at="2025-03-22T03:08:30 IST" duration-ms="57271">
      <class name="mytest.AutomationScriptOrangeHRM">
        <test-method is-config="true" signature="setUp()[pri:0, instance:mytest.AutomationScriptOrangeHRM@49139829]" started-at="2025-03-22T03:07:33 IST" name="setUp" finished-at="2025-03-22T03:07:43 IST" duration-ms="10302" status="PASS">
          <reporter-output>
          </reporter-output>
        </test-method> <!-- setUp -->
        <test-method signature="verifyLogin()[pri:1, instance:mytest.AutomationScriptOrangeHRM@49139829]" started-at="2025-03-22T03:07:43 IST" name="verifyLogin" finished-at="2025-03-22T03:07:48 IST" duration-ms="5048" status="PASS">
          <reporter-output>
          </reporter-output>
        </test-method> <!-- verifyLogin -->
        <test-method signature="addEmployee()[pri:2, instance:mytest.AutomationScriptOrangeHRM@49139829]" started-at="2025-03-22T03:07:48 IST" name="addEmployee" finished-at="2025-03-22T03:08:04 IST" duration-ms="15511" status="PASS">
          <reporter-output>
          </reporter-output>
        </test-method> <!-- addEmployee -->
        <test-method signature="searchEmployee()[pri:3, instance:mytest.AutomationScriptOrangeHRM@49139829]" started-at="2025-03-22T03:08:04 IST" name="searchEmployee" finished-at="2025-03-22T03:08:23 IST" duration-ms="18940" status="PASS">
          <reporter-output>
          </reporter-output>
        </test-method> <!-- searchEmployee -->
        <test-method signature="logout()[pri:4, instance:mytest.AutomationScriptOrangeHRM@49139829]" started-at="2025-03-22T03:08:23 IST" name="logout" finished-at="2025-03-22T03:08:30 IST" duration-ms="7095" status="PASS">
          <reporter-output>
          </reporter-output>
        </test-method> <!-- logout -->
        <test-method is-config="true" signature="tearDown()[pri:0, instance:mytest.AutomationScriptOrangeHRM@49139829]" started-at="2025-03-22T03:08:30 IST" name="tearDown" finished-at="2025-03-22T03:08:30 IST" duration-ms="328" status="PASS">
          <reporter-output>
          </reporter-output>
        </test-method> <!-- tearDown -->
      </class> <!-- mytest.AutomationScriptOrangeHRM -->
    </test> <!-- Default test -->
  </suite> <!-- Default suite -->
</testng-results>
