<?xml version="1.0" encoding="UTF-8"?>
<testng-results ignored="0" total="5" passed="5" failed="0" skipped="0">
  <reporter-output>
  </reporter-output>
  <suite started-at="2025-03-20T17:47:58 IST" name="Default suite" finished-at="2025-03-20T17:49:36 IST" duration-ms="97660">
    <groups>
    </groups>
    <test started-at="2025-03-20T17:47:58 IST" name="Default test" finished-at="2025-03-20T17:49:36 IST" duration-ms="97660">
      <class name="mytest2.AutomationScriptSauceDemo">
        <test-method is-config="true" signature="setUp()[pri:0, instance:mytest2.AutomationScriptSauceDemo@9597028]" started-at="2025-03-20T17:47:58 IST" name="setUp" finished-at="2025-03-20T17:48:02 IST" duration-ms="4249" status="PASS">
          <reporter-output>
          </reporter-output>
        </test-method> <!-- setUp -->
        <test-method signature="testLogin()[pri:1, instance:mytest2.AutomationScriptSauceDemo@9597028]" started-at="2025-03-20T17:48:02 IST" name="testLogin" finished-at="2025-03-20T17:48:14 IST" duration-ms="11477" status="PASS">
          <reporter-output>
          </reporter-output>
        </test-method> <!-- testLogin -->
        <test-method signature="testSortProducts()[pri:2, instance:mytest2.AutomationScriptSauceDemo@9597028]" started-at="2025-03-20T17:48:14 IST" name="testSortProducts" finished-at="2025-03-20T17:48:20 IST" duration-ms="6283" status="PASS">
          <reporter-output>
          </reporter-output>
        </test-method> <!-- testSortProducts -->
        <test-method signature="testAddToCart()[pri:3, instance:mytest2.AutomationScriptSauceDemo@9597028]" started-at="2025-03-20T17:48:20 IST" name="testAddToCart" finished-at="2025-03-20T17:48:57 IST" duration-ms="37247" status="PASS">
          <reporter-output>
          </reporter-output>
        </test-method> <!-- testAddToCart -->
        <test-method signature="testCheckout()[pri:4, instance:mytest2.AutomationScriptSauceDemo@9597028]" started-at="2025-03-20T17:48:57 IST" name="testCheckout" finished-at="2025-03-20T17:49:29 IST" duration-ms="31593" status="PASS">
          <reporter-output>
          </reporter-output>
        </test-method> <!-- testCheckout -->
        <test-method signature="testLogout()[pri:5, instance:mytest2.AutomationScriptSauceDemo@9597028]" started-at="2025-03-20T17:49:29 IST" name="testLogout" finished-at="2025-03-20T17:49:35 IST" duration-ms="6489" status="PASS">
          <reporter-output>
          </reporter-output>
        </test-method> <!-- testLogout -->
        <test-method is-config="true" signature="tearDown()[pri:0, instance:mytest2.AutomationScriptSauceDemo@9597028]" started-at="2025-03-20T17:49:35 IST" name="tearDown" finished-at="2025-03-20T17:49:36 IST" duration-ms="253" status="PASS">
          <reporter-output>
          </reporter-output>
        </test-method> <!-- tearDown -->
      </class> <!-- mytest2.AutomationScriptSauceDemo -->
    </test> <!-- Default test -->
  </suite> <!-- Default suite -->
</testng-results>
